<?xml version="1.0" encoding="UTF-8"?>
<Site BuildName="(empty)"
	BuildStamp="20200127-1532-Experimental"
	Name="devtop-Oryx-Pro"
	Generator="ctest-3.10.2"
	CompilerName="/usr/bin/x86_64-linux-gnu-g++-7"
	CompilerVersion="7.4.0"
	OSName="Linux"
	Hostname="devtop-Oryx-Pro"
	OSRelease="4.15.0-74-generic"
	OSVersion="#84-Ubuntu SMP Thu Dec 19 08:06:28 UTC 2019"
	OSPlatform="x86_64"
	Is64Bits="1"
	VendorString="GenuineIntel"
	VendorID="Intel Corporation"
	FamilyID="6"
	ModelID="94"
	ProcessorCacheSize="6144"
	NumberOfLogicalCPU="8"
	NumberOfPhysicalCPU="4"
	TotalVirtualMemory="2047"
	TotalPhysicalMemory="15993"
	LogicalProcessorsPerPhysical="2"
	ProcessorClockFrequency="2616.2"
	>
	<Testing>
		<StartDateTime>Jan 27 09:32 CST</StartDateTime>
		<StartTestTime>1580139172</StartTestTime>
		<TestList/>
		<EndDateTime>Jan 27 09:32 CST</EndDateTime>
		<EndTestTime>1580139172</EndTestTime>
		<ElapsedMinutes>0</ElapsedMinutes>
	</Testing>
</Site>
